<?xml version="1.0" encoding="UTF-8"?>
<coverage generated="1761671705219" clover="3.2.0">
  <project timestamp="1761671705219" name="All files">
    <metrics statements="45" coveredstatements="36" conditionals="10" coveredconditionals="10" methods="18" coveredmethods="13" elements="73" coveredelements="59" complexity="0" loc="45" ncloc="45" packages="2" files="3" classes="3"/>
    <package name="components.hours">
      <metrics statements="34" coveredstatements="34" conditionals="10" coveredconditionals="10" methods="13" coveredmethods="13"/>
      <file name="HoursList.jsx" path="/Users/juandix/Programming/control-horas-app/frontend/src/components/hours/HoursList.jsx">
        <metrics statements="34" coveredstatements="34" conditionals="10" coveredconditionals="10" methods="13" coveredmethods="13"/>
        <line num="4" count="1" type="stmt"/>
        <line num="5" count="24" type="stmt"/>
        <line num="6" count="24" type="stmt"/>
        <line num="7" count="24" type="stmt"/>
        <line num="9" count="24" type="stmt"/>
        <line num="10" count="11" type="stmt"/>
        <line num="11" count="11" type="stmt"/>
        <line num="12" count="11" type="stmt"/>
        <line num="13" count="10" type="stmt"/>
        <line num="15" count="1" type="stmt"/>
        <line num="16" count="1" type="stmt"/>
        <line num="18" count="11" type="stmt"/>
        <line num="22" count="11" type="stmt"/>
        <line num="25" count="24" type="stmt"/>
        <line num="26" count="3" type="cond" truecount="2" falsecount="0"/>
        <line num="27" count="1" type="stmt"/>
        <line num="30" count="2" type="stmt"/>
        <line num="31" count="2" type="stmt"/>
        <line num="32" count="2" type="stmt"/>
        <line num="34" count="1" type="stmt"/>
        <line num="35" count="1" type="stmt"/>
        <line num="39" count="24" type="stmt"/>
        <line num="40" count="16" type="stmt"/>
        <line num="47" count="24" type="stmt"/>
        <line num="48" count="32" type="stmt"/>
        <line num="51" count="24" type="cond" truecount="2" falsecount="0"/>
        <line num="52" count="11" type="stmt"/>
        <line num="59" count="13" type="stmt"/>
        <line num="97" count="16" type="stmt"/>
        <line num="111" count="3" type="stmt"/>
        <line num="131" count="16" type="stmt"/>
        <line num="137" count="16" type="stmt"/>
        <line num="143" count="16" type="stmt"/>
        <line num="152" count="1" type="stmt"/>
      </file>
    </package>
    <package name="services">
      <metrics statements="11" coveredstatements="2" conditionals="0" coveredconditionals="0" methods="5" coveredmethods="0"/>
      <file name="api.mock.js" path="/Users/juandix/Programming/control-horas-app/frontend/src/services/api.mock.js">
        <metrics statements="2" coveredstatements="1" conditionals="0" coveredconditionals="0" methods="1" coveredmethods="0"/>
        <line num="2" count="1" type="stmt"/>
        <line num="7" count="0" type="stmt"/>
      </file>
      <file name="hours.js" path="/Users/juandix/Programming/control-horas-app/frontend/src/services/hours.js">
        <metrics statements="9" coveredstatements="1" conditionals="0" coveredconditionals="0" methods="4" coveredmethods="0"/>
        <line num="3" count="1" type="stmt"/>
        <line num="5" count="0" type="stmt"/>
        <line num="6" count="0" type="stmt"/>
        <line num="10" count="0" type="stmt"/>
        <line num="11" count="0" type="stmt"/>
        <line num="15" count="0" type="stmt"/>
        <line num="16" count="0" type="stmt"/>
        <line num="20" count="0" type="stmt"/>
        <line num="21" count="0" type="stmt"/>
      </file>
    </package>
  </project>
</coverage>
