{"/Users/juandix/Programming/control-horas-app/frontend/src/components/hours/HoursList.jsx": {"path":"/Users/juandix/Programming/control-horas-app/frontend/src/components/hours/HoursList.jsx","statementMap":{"0":{"start":{"line":4,"column":18},"end":{"line":150,"column":1}},"1":{"start":{"line":5,"column":28},"end":{"line":5,"column":40}},"2":{"start":{"line":6,"column":32},"end":{"line":6,"column":46}},"3":{"start":{"line":7,"column":28},"end":{"line":7,"column":40}},"4":{"start":{"line":9,"column":2},"end":{"line":23,"column":9}},"5":{"start":{"line":10,"column":23},"end":{"line":20,"column":5}},"6":{"start":{"line":11,"column":6},"end":{"line":19,"column":7}},"7":{"start":{"line":12,"column":21},"end":{"line":12,"column":52}},"8":{"start":{"line":13,"column":8},"end":{"line":13,"column":23}},"9":{"start":{"line":15,"column":8},"end":{"line":15,"column":46}},"10":{"start":{"line":16,"column":8},"end":{"line":16,"column":52}},"11":{"start":{"line":18,"column":8},"end":{"line":18,"column":26}},"12":{"start":{"line":22,"column":4},"end":{"line":22,"column":17}},"13":{"start":{"line":25,"column":23},"end":{"line":37,"column":3}},"14":{"start":{"line":26,"column":4},"end":{"line":28,"column":5}},"15":{"start":{"line":27,"column":6},"end":{"line":27,"column":13}},"16":{"start":{"line":30,"column":4},"end":{"line":36,"column":5}},"17":{"start":{"line":31,"column":6},"end":{"line":31,"column":41}},"18":{"start":{"line":32,"column":6},"end":{"line":32,"column":60}},"19":{"start":{"line":32,"column":23},"end":{"line":32,"column":58}},"20":{"start":{"line":32,"column":43},"end":{"line":32,"column":57}},"21":{"start":{"line":34,"column":6},"end":{"line":34,"column":48}},"22":{"start":{"line":35,"column":6},"end":{"line":35,"column":50}},"23":{"start":{"line":39,"column":21},"end":{"line":45,"column":3}},"24":{"start":{"line":40,"column":4},"end":{"line":44,"column":7}},"25":{"start":{"line":47,"column":25},"end":{"line":49,"column":3}},"26":{"start":{"line":48,"column":4},"end":{"line":48,"column":53}},"27":{"start":{"line":51,"column":2},"end":{"line":57,"column":3}},"28":{"start":{"line":52,"column":4},"end":{"line":56,"column":6}},"29":{"start":{"line":59,"column":2},"end":{"line":149,"column":4}},"30":{"start":{"line":97,"column":16},"end":{"line":118,"column":21}},"31":{"start":{"line":111,"column":37},"end":{"line":111,"column":59}},"32":{"start":{"line":131,"column":44},"end":{"line":131,"column":70}},"33":{"start":{"line":137,"column":44},"end":{"line":137,"column":68}},"34":{"start":{"line":143,"column":44},"end":{"line":143,"column":71}},"35":{"start":{"line":152,"column":15},"end":{"line":275,"column":1}}},"fnMap":{"0":{"name":"(anonymous_0)","decl":{"start":{"line":4,"column":18},"end":{"line":4,"column":19}},"loc":{"start":{"line":4,"column":24},"end":{"line":150,"column":1}},"line":4},"1":{"name":"(anonymous_1)","decl":{"start":{"line":9,"column":12},"end":{"line":9,"column":13}},"loc":{"start":{"line":9,"column":18},"end":{"line":23,"column":3}},"line":9},"2":{"name":"(anonymous_2)","decl":{"start":{"line":10,"column":23},"end":{"line":10,"column":24}},"loc":{"start":{"line":10,"column":35},"end":{"line":20,"column":5}},"line":10},"3":{"name":"(anonymous_3)","decl":{"start":{"line":25,"column":23},"end":{"line":25,"column":24}},"loc":{"start":{"line":25,"column":37},"end":{"line":37,"column":3}},"line":25},"4":{"name":"(anonymous_4)","decl":{"start":{"line":32,"column":15},"end":{"line":32,"column":16}},"loc":{"start":{"line":32,"column":23},"end":{"line":32,"column":58}},"line":32},"5":{"name":"(anonymous_5)","decl":{"start":{"line":32,"column":35},"end":{"line":32,"column":36}},"loc":{"start":{"line":32,"column":43},"end":{"line":32,"column":57}},"line":32},"6":{"name":"(anonymous_6)","decl":{"start":{"line":39,"column":21},"end":{"line":39,"column":22}},"loc":{"start":{"line":39,"column":37},"end":{"line":45,"column":3}},"line":39},"7":{"name":"(anonymous_7)","decl":{"start":{"line":47,"column":25},"end":{"line":47,"column":26}},"loc":{"start":{"line":47,"column":36},"end":{"line":49,"column":3}},"line":47},"8":{"name":"(anonymous_8)","decl":{"start":{"line":96,"column":25},"end":{"line":96,"column":26}},"loc":{"start":{"line":97,"column":16},"end":{"line":118,"column":21}},"line":97},"9":{"name":"(anonymous_9)","decl":{"start":{"line":111,"column":31},"end":{"line":111,"column":32}},"loc":{"start":{"line":111,"column":37},"end":{"line":111,"column":59}},"line":111},"10":{"name":"(anonymous_10)","decl":{"start":{"line":131,"column":28},"end":{"line":131,"column":29}},"loc":{"start":{"line":131,"column":44},"end":{"line":131,"column":70}},"line":131},"11":{"name":"(anonymous_11)","decl":{"start":{"line":137,"column":28},"end":{"line":137,"column":29}},"loc":{"start":{"line":137,"column":44},"end":{"line":137,"column":68}},"line":137},"12":{"name":"(anonymous_12)","decl":{"start":{"line":143,"column":28},"end":{"line":143,"column":29}},"loc":{"start":{"line":143,"column":44},"end":{"line":143,"column":71}},"line":143}},"branchMap":{"0":{"loc":{"start":{"line":26,"column":4},"end":{"line":28,"column":5}},"type":"if","locations":[{"start":{"line":26,"column":4},"end":{"line":28,"column":5}},{"start":{},"end":{}}],"line":26},"1":{"loc":{"start":{"line":51,"column":2},"end":{"line":57,"column":3}},"type":"if","locations":[{"start":{"line":51,"column":2},"end":{"line":57,"column":3}},{"start":{},"end":{}}],"line":51},"2":{"loc":{"start":{"line":66,"column":7},"end":{"line":70,"column":7}},"type":"binary-expr","locations":[{"start":{"line":66,"column":7},"end":{"line":66,"column":12}},{"start":{"line":67,"column":8},"end":{"line":69,"column":14}}],"line":66},"3":{"loc":{"start":{"line":72,"column":7},"end":{"line":123,"column":7}},"type":"cond-expr","locations":[{"start":{"line":73,"column":8},"end":{"line":81,"column":14}},{"start":{"line":83,"column":8},"end":{"line":122,"column":14}}],"line":72},"4":{"loc":{"start":{"line":106,"column":23},"end":{"line":106,"column":61}},"type":"binary-expr","locations":[{"start":{"line":106,"column":23},"end":{"line":106,"column":40}},{"start":{"line":106,"column":44},"end":{"line":106,"column":61}}],"line":106}},"s":{"0":1,"1":24,"2":24,"3":24,"4":24,"5":11,"6":11,"7":11,"8":10,"9":1,"10":1,"11":11,"12":11,"13":24,"14":3,"15":1,"16":2,"17":2,"18":1,"19":1,"20":2,"21":1,"22":1,"23":24,"24":16,"25":24,"26":32,"27":24,"28":11,"29":13,"30":16,"31":3,"32":16,"33":16,"34":16,"35":1},"f":{"0":24,"1":11,"2":11,"3":3,"4":1,"5":2,"6":16,"7":32,"8":16,"9":3,"10":16,"11":16,"12":16},"b":{"0":[1,2],"1":[11,13],"2":[13,2],"3":[3,10],"4":[16,8]},"_coverageSchema":"1a1c01bbd47fc00a2c39e90264f33305004495a9","hash":"56779a5c829f8444f668361e0e8ab69204b23083"}
,"/Users/juandix/Programming/control-horas-app/frontend/src/services/api.mock.js": {"path":"/Users/juandix/Programming/control-horas-app/frontend/src/services/api.mock.js","statementMap":{"0":{"start":{"line":2,"column":16},"end":{"line":16,"column":1}},"1":{"start":{"line":7,"column":24},"end":{"line":7,"column":31}}},"fnMap":{"0":{"name":"(anonymous_0)","decl":{"start":{"line":7,"column":18},"end":{"line":7,"column":19}},"loc":{"start":{"line":7,"column":24},"end":{"line":7,"column":31}},"line":7}},"branchMap":{},"s":{"0":1,"1":0},"f":{"0":0},"b":{},"_coverageSchema":"1a1c01bbd47fc00a2c39e90264f33305004495a9","hash":"e973a1f87fce5a8bc98e9f76432eaf01bbc771a7"}
,"/Users/juandix/Programming/control-horas-app/frontend/src/services/hours.js": {"path":"/Users/juandix/Programming/control-horas-app/frontend/src/services/hours.js","statementMap":{"0":{"start":{"line":3,"column":28},"end":{"line":23,"column":1}},"1":{"start":{"line":5,"column":21},"end":{"line":5,"column":55}},"2":{"start":{"line":6,"column":4},"end":{"line":6,"column":25}},"3":{"start":{"line":10,"column":21},"end":{"line":10,"column":53}},"4":{"start":{"line":11,"column":4},"end":{"line":11,"column":25}},"5":{"start":{"line":15,"column":21},"end":{"line":15,"column":52}},"6":{"start":{"line":16,"column":4},"end":{"line":16,"column":25}},"7":{"start":{"line":20,"column":21},"end":{"line":20,"column":53}},"8":{"start":{"line":21,"column":4},"end":{"line":21,"column":25}}},"fnMap":{"0":{"name":"(anonymous_0)","decl":{"start":{"line":4,"column":12},"end":{"line":4,"column":13}},"loc":{"start":{"line":4,"column":28},"end":{"line":7,"column":3}},"line":4},"1":{"name":"(anonymous_1)","decl":{"start":{"line":9,"column":14},"end":{"line":9,"column":15}},"loc":{"start":{"line":9,"column":26},"end":{"line":12,"column":3}},"line":9},"2":{"name":"(anonymous_2)","decl":{"start":{"line":14,"column":14},"end":{"line":14,"column":15}},"loc":{"start":{"line":14,"column":26},"end":{"line":17,"column":3}},"line":14},"3":{"name":"(anonymous_3)","decl":{"start":{"line":19,"column":15},"end":{"line":19,"column":16}},"loc":{"start":{"line":19,"column":29},"end":{"line":22,"column":3}},"line":19}},"branchMap":{},"s":{"0":1,"1":0,"2":0,"3":0,"4":0,"5":0,"6":0,"7":0,"8":0},"f":{"0":0,"1":0,"2":0,"3":0},"b":{},"_coverageSchema":"1a1c01bbd47fc00a2c39e90264f33305004495a9","hash":"34f5fab556055252aaed28e81f00bc3ddbc9bab4"}
}
