TN:
SF:src/components/hours/HoursList.jsx
FN:4,(anonymous_0)
FN:9,(anonymous_1)
FN:10,(anonymous_2)
FN:25,(anonymous_3)
FN:32,(anonymous_4)
FN:32,(anonymous_5)
FN:39,(anonymous_6)
FN:47,(anonymous_7)
FN:96,(anonymous_8)
FN:111,(anonymous_9)
FN:131,(anonymous_10)
FN:137,(anonymous_11)
FN:143,(anonymous_12)
FNF:13
FNH:13
FNDA:24,(anonymous_0)
FNDA:11,(anonymous_1)
FNDA:11,(anonymous_2)
FNDA:3,(anonymous_3)
FNDA:1,(anonymous_4)
FNDA:2,(anonymous_5)
FNDA:16,(anonymous_6)
FNDA:32,(anonymous_7)
FNDA:16,(anonymous_8)
FNDA:3,(anonymous_9)
FNDA:16,(anonymous_10)
FNDA:16,(anonymous_11)
FNDA:16,(anonymous_12)
DA:4,1
DA:5,24
DA:6,24
DA:7,24
DA:9,24
DA:10,11
DA:11,11
DA:12,11
DA:13,10
DA:15,1
DA:16,1
DA:18,11
DA:22,11
DA:25,24
DA:26,3
DA:27,1
DA:30,2
DA:31,2
DA:32,2
DA:34,1
DA:35,1
DA:39,24
DA:40,16
DA:47,24
DA:48,32
DA:51,24
DA:52,11
DA:59,13
DA:97,16
DA:111,3
DA:131,16
DA:137,16
DA:143,16
DA:152,1
LF:34
LH:34
BRDA:26,0,0,1
BRDA:26,0,1,2
BRDA:51,1,0,11
BRDA:51,1,1,13
BRDA:66,2,0,13
BRDA:66,2,1,2
BRDA:72,3,0,3
BRDA:72,3,1,10
BRDA:106,4,0,16
BRDA:106,4,1,8
BRF:10
BRH:10
end_of_record
TN:
SF:src/services/api.mock.js
FN:7,(anonymous_0)
FNF:1
FNH:0
FNDA:0,(anonymous_0)
DA:2,1
DA:7,0
LF:2
LH:1
BRF:0
BRH:0
end_of_record
TN:
SF:src/services/hours.js
FN:4,(anonymous_0)
FN:9,(anonymous_1)
FN:14,(anonymous_2)
FN:19,(anonymous_3)
FNF:4
FNH:0
FNDA:0,(anonymous_0)
FNDA:0,(anonymous_1)
FNDA:0,(anonymous_2)
FNDA:0,(anonymous_3)
DA:3,1
DA:5,0
DA:6,0
DA:10,0
DA:11,0
DA:15,0
DA:16,0
DA:20,0
DA:21,0
LF:9
LH:1
BRF:0
BRH:0
end_of_record
